file: demo_misc.cpp
time: Wed Jun 21 23:46:51 2023

Overview of f-strings in C++
============================

1. Format Specifiers
--------------------


+----------------------+
| int     |       97   |
+=========+============+
| {97:#b} | 0b1100001  |
+---------+------------+
| {97:c}  |        a   |
+---------+------------+
| {97:d}  |       97   |
+---------+------------+
| {97:o}  |      141   |
+---------+------------+
| {97:x}  |       61   |
+---------+------------+

+----------------------------------+
|  float    | 3.141592653589793    |
+==================================+
| {M_PI:a}  | 0x1.921fb54442d18p+1 |
+----------------------------------+
| {M_PI:e}  | 3.141593e+00         |
+----------------------------------+
| {M_PI:g}  | 3.14159              |
+----------------------------------+
| {M_PI:f}  | 3.141593             |
+----------------------------------+


2. Dates
---------

It was a sunny {time:%A} in {time:%B} around {time:%OI}{time:%p}
          becomes:
It was a sunny Sunday in January around 12AM


3. Expressions
--------------


  when a=5, b=10 =>

      5 + 10 = 15
      5 * 10 = 50
      5 ^ 10 = 9765625

     

  when a=3.1415927, b=10 =>

      3.1415927 + 10 = 13.141593
      3.1415927 * 10 = 31.415928
      3.1415927 ^ 10 = 93648.07353602961

     

  when a=10000000, b=10 =>

      10000000 + 10 = 10000010
      10000000 * 10 = 100000000
      10000000 ^ 10 = 1e+70

     

4. Ranges
---------

  Vectors:
    vector<int> v1=[1, 2, 3]
    vector<vector<int>> v2=[[1, 2], [3, 5], [7, 11]]
    vector<vector<int>> v3=[[1, 2, 3], [4, 5], [6]]

  Pairs:
    pair<int, float> p1=(42, 1.5)

  Maps:
    map<string, int> m1={"one": 1, "two": 2}
    map<int, vector<int>> m2={1: [1, 2], 2: [3, 4]}

  Tuples:
    tuple<double, char, string> t1=(3.8, 'A', "Lisa Simpson")

   
  Variants:
    vmap={INT: variant(10), FLOAT: variant(3.14), STRING: variant("Hello"), CHAR: variant('a')}
   
    Valarray:
      a^b + b^a = [1, 2, 3]^[4, 5, 6] + [4, 5, 6]^[1, 2, 3]
                = [1, 32, 729] + [4, 25, 216]
                = [5, 57, 945]

      min([5, 57, 945]) = 5
      sum([5, 57, 945]) = 1007
      max([5, 57, 945]) = 945
   